Command line:
   FrecuencyDivider_isim_beh.exe
     -simmode  gui
     -simrunnum  0
     -socket  35239

Mon Dec 11 23:53:08 2017


 Elaboration Time: 0.01 sec

 Current Memory Usage: 195.953 Meg

 Total Signals          : 5
 Total Nets             : 36
 Total Signal Drivers   : 3
 Total Blocks           : 3
 Total Primitive Blocks : 3
 Total Processes        : 2
 Total Traceable Variables  : 14
 Total Scalar Nets and Variables : 551
Total Line Count : 8

 Total Simulation Time: 2.46 sec

 Current Memory Usage: 271.454 Meg

Mon Dec 11 23:55:14 2017

