#-----------------------------------------------------------
# PlanAhead v14.7 (64-bit)
# Build 321239 by xbuild on Fri Sep 27 19:24:36 MDT 2013
# Start of session at: Tue Dec 12 16:00:27 2017
# Process ID: 19590
# Log file: /home/developer/Proyectos/xilinx/ProcesadorESCOMpis/ProcesadorESCOMips/planAhead_run_3/planAhead.log
# Journal file: /home/developer/Proyectos/xilinx/ProcesadorESCOMpis/ProcesadorESCOMips/planAhead_run_3/planAhead.jou
#-----------------------------------------------------------
INFO: [Common 17-78] Attempting to get a license: PlanAhead
INFO: [Common 17-290] Got license for PlanAhead
INFO: [Common 17-86] Your PlanAhead license expires in -987 day(s)
INFO: [Device 21-36] Loading parts and site information from /usr/local/xilinx/14.7/ISE_DS/PlanAhead/data/parts/arch.xml
Parsing RTL primitives file [/usr/local/xilinx/14.7/ISE_DS/PlanAhead/data/parts/xilinx/rtl/prims/rtl_prims.xml]
Finished parsing RTL primitives file [/usr/local/xilinx/14.7/ISE_DS/PlanAhead/data/parts/xilinx/rtl/prims/rtl_prims.xml]
start_gui
source /home/developer/Proyectos/xilinx/ProcesadorESCOMpis/ProcesadorESCOMips/pa.fromNetlist.tcl
# create_project -name ProcesadorESCOMips -dir "/home/developer/Proyectos/xilinx/ProcesadorESCOMpis/ProcesadorESCOMips/planAhead_run_4" -part xc7a100tcsg324-3
INFO: [Common 17-41] Interrupt caught. Command should exit soon.
INFO: [Common 17-344] 'source' was cancelled
exit
ERROR: [#UNDEF] *** Exception: ui.h.b: Found deleted key in HTclEventBroker. Verify if the classes listed here call cleanup()
HTclEvent: DEBUG_CORE_CONFIG_CHANGE   Classes: ui.views.aR 
HTclEvent: SIGNAL_MODIFY   Classes: ui.views.aR 
HTclEvent: SIGNAL_BUS_MODIFY   Classes: ui.views.aR 
HTclEvent: DEBUG_PORT_CONFIG_CHANGE   Classes: ui.views.aR 
 (See /home/developer/Proyectos/xilinx/ProcesadorESCOMpis/ProcesadorESCOMips/planAhead_pid19590.debug)
ERROR: [Common 17-39] 'stop_gui' failed due to earlier errors.
INFO: [Common 17-206] Exiting PlanAhead at Tue Dec 12 16:00:54 2017...
INFO: [Common 17-83] Releasing license: PlanAhead
