#-----------------------------------------------------------
# PlanAhead v14.7 (64-bit)
# Build 321239 by xbuild on Fri Sep 27 19:24:36 MDT 2013
# Start of session at: Wed Dec 13 21:31:57 2017
# Process ID: 7476
# Log file: /home/developer/Proyectos/xilinx/ProcesadorESCOMpis/ProcesadorESCOMips/planAhead_run_2/planAhead.log
# Journal file: /home/developer/Proyectos/xilinx/ProcesadorESCOMpis/ProcesadorESCOMips/planAhead_run_2/planAhead.jou
#-----------------------------------------------------------
INFO: [Common 17-78] Attempting to get a license: PlanAhead
INFO: [Common 17-290] Got license for PlanAhead
INFO: [Common 17-86] Your PlanAhead license expires in -988 day(s)
INFO: [Device 21-36] Loading parts and site information from /usr/local/xilinx/14.7/ISE_DS/PlanAhead/data/parts/arch.xml
Parsing RTL primitives file [/usr/local/xilinx/14.7/ISE_DS/PlanAhead/data/parts/xilinx/rtl/prims/rtl_prims.xml]
Finished parsing RTL primitives file [/usr/local/xilinx/14.7/ISE_DS/PlanAhead/data/parts/xilinx/rtl/prims/rtl_prims.xml]
start_gui
source /home/developer/Proyectos/xilinx/ProcesadorESCOMpis/ProcesadorESCOMips/pa.fromNetlist.tcl
# create_project -name ProcesadorESCOMips -dir "/home/developer/Proyectos/xilinx/ProcesadorESCOMpis/ProcesadorESCOMips/planAhead_run_2" -part xc7a100tcsg324-3
ERROR: [Common 17-53] User Exception: Project already exists on disk, please use '-force' option to overwrite: 
     /home/developer/Proyectos/xilinx/ProcesadorESCOMpis/ProcesadorESCOMips/planAhead_run_2/ProcesadorESCOMips.ppr
     /home/developer/Proyectos/xilinx/ProcesadorESCOMpis/ProcesadorESCOMips/planAhead_run_2/ProcesadorESCOMips.data

    while executing
"create_project -name ProcesadorESCOMips -dir "/home/developer/Proyectos/xilinx/ProcesadorESCOMpis/ProcesadorESCOMips/planAhead_run_2" -part xc7a100tcs..."
    (file "/home/developer/Proyectos/xilinx/ProcesadorESCOMpis/ProcesadorESCOMips/pa.fromNetlist.tcl" line 4)
exit
INFO: [Common 17-206] Exiting PlanAhead at Wed Dec 13 21:32:17 2017...
INFO: [Common 17-83] Releasing license: PlanAhead
