Command line:
   Main_TB_isim_beh.exe
     -simmode  gui
     -simrunnum  0
     -socket  51053

Tue Dec 12 00:00:55 2017


 Elaboration Time: 0.09 sec

 Current Memory Usage: 270 Meg

 Total Signals          : 813
 Total Nets             : 85018
 Total Signal Drivers   : 251
 Total Blocks           : 150
 Total Primitive Blocks : 113
 Total Processes        : 153
 Total Traceable Variables  : 61
 Total Scalar Nets and Variables : 86083
Total Line Count : 507

 Total Simulation Time: 0.11 sec

 Current Memory Usage: 346.137 Meg

Tue Dec 12 00:01:31 2017

