ISim log file
Running: /home/developer/Proyectos/xilinx/ProcesadorESCOMpis/ProcesadorESCOMips/CLR_Rectifier_isim_beh.exe -intstyle ise -gui -tclbatch isim.cmd -wdb /home/developer/Proyectos/xilinx/ProcesadorESCOMpis/ProcesadorESCOMips/CLR_Rectifier_isim_beh.wdb 
ISim P.20131013 (signature 0xfbc00daa)
WARNING: A WEBPACK license was found.
WARNING: Please use Xilinx License Configuration Manager to check out a full ISim license.
WARNING: ISim will run in Lite mode. Please refer to the ISim documentation for more information on the differences between the Lite and the Full version.
This is a Lite version of ISim.
Time resolution is 1 ps
# onerror resume
# wave add /
# run 1000 ns
Simulator is doing circuit initialization process.
Finished circuit initialization process.
# isim force add /clr_rectifier/rclr 0 -radix bin
# isim force add /clr_rectifier/clk 1 -radix bin -value 0 -radix bin -time 500 ps -repeat 1 ns
# run 1.00ns
# run 1.00ns
# isim force add /clr_rectifier/rclr 1 -radix bin
# run 1.00ns
# run 1.00ns
# isim force add /clr_rectifier/rclr 0 -radix bin
# run 1.00ns
# run 1.00ns
# run 1.00ns
# run 1.00ns
# exit 0
