Command line:
   CLR_Rectifier_isim_beh.exe
     -simmode  gui
     -simrunnum  0
     -socket  53257

Tue Dec 12 00:07:15 2017


 Elaboration Time: 0.01 sec

 Current Memory Usage: 195.875 Meg

 Total Signals          : 3
 Total Nets             : 3
 Total Signal Drivers   : 1
 Total Blocks           : 2
 Total Primitive Blocks : 2
 Total Processes        : 1
 Total Traceable Variables  : 8
 Total Scalar Nets and Variables : 363
Total Line Count : 2

 Total Simulation Time: 0.03 sec

 Current Memory Usage: 271.376 Meg

Tue Dec 12 00:08:52 2017

