Command line:
   ALU_1bit_isim_beh.exe
     -simmode  gui
     -simrunnum  0
     -socket  48359

Sun Dec 10 18:20:31 2017


 Elaboration Time: 0.06 sec

 Current Memory Usage: 195.875 Meg

 Total Signals          : 35
 Total Nets             : 17
 Total Signal Drivers   : 10
 Total Blocks           : 7
 Total Primitive Blocks : 6
 Total Processes        : 9
 Total Traceable Variables  : 8
 Total Scalar Nets and Variables : 377
Total Line Count : 19

 Total Simulation Time: 0.06 sec

 Current Memory Usage: 271.376 Meg

Sun Dec 10 18:20:53 2017

